<?xml version="1.0" encoding="UTF-8"?>
<!-- Generated by org.testng.reporters.JUnitXMLReporter -->
<testsuite ignored="2" hostname="SREENU-PC" failures="0" tests="1" name="test1" time="0.058" errors="0" timestamp="2019-12-08T12:54:43 IST">
  <testcase classname="chandra_mpj.chandra.Compamy" name="oracle" time="0.012"/>
  <testcase classname="chandra_mpj.chandra.Compamy" name="technip" time="0.0">
    <ignored/>
  </testcase> <!-- technip -->
  <testcase classname="chandra_mpj.chandra.Compamy" name="testing" time="0.0">
    <ignored/>
  </testcase> <!-- testing -->
</testsuite> <!-- test1 -->
