<?xml version="1.0" encoding="UTF-8"?>
<testng-results ignored="0" total="2" passed="2" failed="0" skipped="0">
  <reporter-output>
  </reporter-output>
  <suite started-at="2019-12-10T15:39:20 IST" name="Suite" finished-at="2019-12-10T15:40:01 IST" duration-ms="40933">
    <groups>
    </groups>
    <test started-at="2019-12-10T15:39:20 IST" name="Test11111" finished-at="2019-12-10T15:40:01 IST" duration-ms="40933">
      <class name="Testngpractice.ParallelFIRST">
        <test-method is-config="true" signature="url(java.lang.String, java.lang.String)[pri:0, instance:Testngpractice.ParallelFIRST@2525ff7e]" started-at="2019-12-10T15:39:20 IST" name="url" finished-at="2019-12-10T15:39:56 IST" duration-ms="36174" status="PASS">
          <params>
            <param index="0">
              <value>
                <![CDATA[https://amazon.com]]>
              </value>
            </param>
            <param index="1">
              <value>
                <![CDATA[chrome]]>
              </value>
            </param>
          </params>
          <reporter-output>
          </reporter-output>
        </test-method> <!-- url -->
        <test-method is-config="true" signature="url(java.lang.String, java.lang.String)[pri:0, instance:Testngpractice.ParallelFIRST@2525ff7e]" started-at="2019-12-10T15:39:20 IST" name="url" finished-at="2019-12-10T15:39:58 IST" duration-ms="38255" status="PASS">
          <params>
            <param index="0">
              <value>
                <![CDATA[https://amazon.com]]>
              </value>
            </param>
            <param index="1">
              <value>
                <![CDATA[chrome]]>
              </value>
            </param>
          </params>
          <reporter-output>
          </reporter-output>
        </test-method> <!-- url -->
        <test-method signature="gettitle()[pri:0, instance:Testngpractice.ParallelFIRST@2525ff7e]" started-at="2019-12-10T15:39:56 IST" name="gettitle" finished-at="2019-12-10T15:39:56 IST" duration-ms="46" status="PASS">
          <reporter-output>
          </reporter-output>
        </test-method> <!-- gettitle -->
        <test-method is-config="true" signature="close()[pri:0, instance:Testngpractice.ParallelFIRST@2525ff7e]" started-at="2019-12-10T15:39:56 IST" name="close" finished-at="2019-12-10T15:39:59 IST" duration-ms="2413" status="PASS">
          <reporter-output>
          </reporter-output>
        </test-method> <!-- close -->
        <test-method signature="msg()[pri:0, instance:Testngpractice.ParallelFIRST@2525ff7e]" started-at="2019-12-10T15:39:58 IST" name="msg" finished-at="2019-12-10T15:39:59 IST" duration-ms="31" status="PASS">
          <reporter-output>
          </reporter-output>
        </test-method> <!-- msg -->
        <test-method is-config="true" signature="close()[pri:0, instance:Testngpractice.ParallelFIRST@2525ff7e]" started-at="2019-12-10T15:39:59 IST" name="close" finished-at="2019-12-10T15:40:01 IST" duration-ms="2598" status="PASS">
          <reporter-output>
          </reporter-output>
        </test-method> <!-- close -->
      </class> <!-- Testngpractice.ParallelFIRST -->
    </test> <!-- Test11111 -->
  </suite> <!-- Suite -->
</testng-results>
