<?xml version="1.0" encoding="UTF-8"?>
<testng-results ignored="0" total="2" passed="2" failed="0" skipped="0">
  <reporter-output>
  </reporter-output>
  <suite started-at="2019-12-11T23:15:57 IST" name="Suite" finished-at="2019-12-11T23:16:45 IST" duration-ms="48300">
    <groups>
    </groups>
    <test started-at="2019-12-11T23:15:57 IST" name="Test11111" finished-at="2019-12-11T23:16:45 IST" duration-ms="48300">
      <class name="Testngpractice.ParallelFIRST">
        <test-method is-config="true" signature="url(java.lang.String, java.lang.String)[pri:0, instance:Testngpractice.ParallelFIRST@2e1d27ba]" started-at="2019-12-11T23:15:57 IST" name="url" finished-at="2019-12-11T23:16:42 IST" duration-ms="45779" status="PASS">
          <params>
            <param index="0">
              <value>
                <![CDATA[https://amazon.com]]>
              </value>
            </param>
            <param index="1">
              <value>
                <![CDATA[chrome]]>
              </value>
            </param>
          </params>
          <reporter-output>
          </reporter-output>
        </test-method> <!-- url -->
        <test-method is-config="true" signature="url(java.lang.String, java.lang.String)[pri:0, instance:Testngpractice.ParallelFIRST@2e1d27ba]" started-at="2019-12-11T23:15:57 IST" name="url" finished-at="2019-12-11T23:16:41 IST" duration-ms="44320" status="PASS">
          <params>
            <param index="0">
              <value>
                <![CDATA[https://amazon.com]]>
              </value>
            </param>
            <param index="1">
              <value>
                <![CDATA[chrome]]>
              </value>
            </param>
          </params>
          <reporter-output>
          </reporter-output>
        </test-method> <!-- url -->
        <test-method signature="msg()[pri:0, instance:Testngpractice.ParallelFIRST@2e1d27ba]" started-at="2019-12-11T23:16:41 IST" name="msg" finished-at="2019-12-11T23:16:41 IST" duration-ms="198" status="PASS">
          <reporter-output>
          </reporter-output>
        </test-method> <!-- msg -->
        <test-method is-config="true" signature="close()[pri:0, instance:Testngpractice.ParallelFIRST@2e1d27ba]" started-at="2019-12-11T23:16:41 IST" name="close" finished-at="2019-12-11T23:16:42 IST" duration-ms="830" status="PASS">
          <reporter-output>
          </reporter-output>
        </test-method> <!-- close -->
        <test-method signature="gettitle()[pri:0, instance:Testngpractice.ParallelFIRST@2e1d27ba]" started-at="2019-12-11T23:16:42 IST" name="gettitle" finished-at="2019-12-11T23:16:42 IST" duration-ms="46" status="PASS">
          <reporter-output>
          </reporter-output>
        </test-method> <!-- gettitle -->
        <test-method is-config="true" signature="close()[pri:0, instance:Testngpractice.ParallelFIRST@2e1d27ba]" started-at="2019-12-11T23:16:42 IST" name="close" finished-at="2019-12-11T23:16:45 IST" duration-ms="2411" status="PASS">
          <reporter-output>
          </reporter-output>
        </test-method> <!-- close -->
      </class> <!-- Testngpractice.ParallelFIRST -->
    </test> <!-- Test11111 -->
  </suite> <!-- Suite -->
</testng-results>
